2019-10-31 11:10:42,819 INFO n.s.l.LoggerTestApplication [main] Starting LoggerTestApplication on SKCCSF-PC with PID 16052 (C:\Users\SKCCSF\Documents\workspace-spring-tool-suite-4-4.3.2.RELEASE\LoggerTest\target\classes started by SKCCSF in C:\Users\SKCCSF\Documents\workspace-spring-tool-suite-4-4.3.2.RELEASE\LoggerTest)
2019-10-31 11:10:42,824 DEBUG n.s.l.LoggerTestApplication [main] Running with Spring Boot v2.1.9.RELEASE, Spring v5.1.10.RELEASE
2019-10-31 11:10:42,824 INFO n.s.l.LoggerTestApplication [main] No active profile set, falling back to default profiles: default
2019-10-31 11:10:44,994 INFO n.s.l.LoggerTestApplication [main] Started LoggerTestApplication in 2.525 seconds (JVM running for 3.64)
2019-10-31 11:10:54,606 DEBUG n.s.l.s.LoggerService [http-nio-8080-exec-1] this is logger debug
2019-10-31 11:10:54,606 ERROR n.s.l.s.LoggerService [http-nio-8080-exec-1] this is logger error
2019-10-31 11:11:59,914 INFO n.s.l.LoggerTestApplication [main] Starting LoggerTestApplication on SKCCSF-PC with PID 15564 (C:\Users\SKCCSF\Documents\workspace-spring-tool-suite-4-4.3.2.RELEASE\LoggerTest\target\classes started by SKCCSF in C:\Users\SKCCSF\Documents\workspace-spring-tool-suite-4-4.3.2.RELEASE\LoggerTest)
2019-10-31 11:11:59,919 DEBUG n.s.l.LoggerTestApplication [main] Running with Spring Boot v2.1.9.RELEASE, Spring v5.1.10.RELEASE
2019-10-31 11:11:59,920 INFO n.s.l.LoggerTestApplication [main] No active profile set, falling back to default profiles: default
2019-10-31 11:12:01,942 ERROR o.a.c.u.LifecycleBase [main] Failed to start component [Connector[HTTP/1.1-8080]]
org.apache.catalina.LifecycleException: Protocol handler start failed
	at org.apache.catalina.connector.Connector.startInternal(Connector.java:1008) ~[tomcat-embed-core-9.0.26.jar:9.0.26]
	at org.apache.catalina.util.LifecycleBase.start(LifecycleBase.java:183) [tomcat-embed-core-9.0.26.jar:9.0.26]
	at org.apache.catalina.core.StandardService.addConnector(StandardService.java:227) [tomcat-embed-core-9.0.26.jar:9.0.26]
	at org.springframework.boot.web.embedded.tomcat.TomcatWebServer.addPreviouslyRemovedConnectors(TomcatWebServer.java:263) [spring-boot-2.1.9.RELEASE.jar:2.1.9.RELEASE]
	at org.springframework.boot.web.embedded.tomcat.TomcatWebServer.start(TomcatWebServer.java:195) [spring-boot-2.1.9.RELEASE.jar:2.1.9.RELEASE]
	at org.springframework.boot.web.servlet.context.ServletWebServerApplicationContext.startWebServer(ServletWebServerApplicationContext.java:297) [spring-boot-2.1.9.RELEASE.jar:2.1.9.RELEASE]
	at org.springframework.boot.web.servlet.context.ServletWebServerApplicationContext.finishRefresh(ServletWebServerApplicationContext.java:163) [spring-boot-2.1.9.RELEASE.jar:2.1.9.RELEASE]
	at org.springframework.context.support.AbstractApplicationContext.refresh(AbstractApplicationContext.java:552) [spring-context-5.1.10.RELEASE.jar:5.1.10.RELEASE]
	at org.springframework.boot.web.servlet.context.ServletWebServerApplicationContext.refresh(ServletWebServerApplicationContext.java:141) [spring-boot-2.1.9.RELEASE.jar:2.1.9.RELEASE]
	at org.springframework.boot.SpringApplication.refresh(SpringApplication.java:744) [spring-boot-2.1.9.RELEASE.jar:2.1.9.RELEASE]
	at org.springframework.boot.SpringApplication.refreshContext(SpringApplication.java:391) [spring-boot-2.1.9.RELEASE.jar:2.1.9.RELEASE]
	at org.springframework.boot.SpringApplication.run(SpringApplication.java:312) [spring-boot-2.1.9.RELEASE.jar:2.1.9.RELEASE]
	at org.springframework.boot.SpringApplication.run(SpringApplication.java:1215) [spring-boot-2.1.9.RELEASE.jar:2.1.9.RELEASE]
	at org.springframework.boot.SpringApplication.run(SpringApplication.java:1204) [spring-boot-2.1.9.RELEASE.jar:2.1.9.RELEASE]
	at net.smartworks.log.LoggerTestApplication.main(LoggerTestApplication.java:23) [classes/:?]
Caused by: java.net.BindException: Address already in use: bind
	at sun.nio.ch.Net.bind0(Native Method) ~[?:?]
	at sun.nio.ch.Net.bind(Net.java:469) ~[?:?]
	at sun.nio.ch.Net.bind(Net.java:458) ~[?:?]
	at sun.nio.ch.ServerSocketChannelImpl.bind(ServerSocketChannelImpl.java:220) ~[?:?]
	at sun.nio.ch.ServerSocketAdaptor.bind(ServerSocketAdaptor.java:80) ~[?:?]
	at org.apache.tomcat.util.net.NioEndpoint.initServerSocket(NioEndpoint.java:230) ~[tomcat-embed-core-9.0.26.jar:9.0.26]
	at org.apache.tomcat.util.net.NioEndpoint.bind(NioEndpoint.java:213) ~[tomcat-embed-core-9.0.26.jar:9.0.26]
	at org.apache.tomcat.util.net.AbstractEndpoint.bindWithCleanup(AbstractEndpoint.java:1124) ~[tomcat-embed-core-9.0.26.jar:9.0.26]
	at org.apache.tomcat.util.net.AbstractEndpoint.start(AbstractEndpoint.java:1210) ~[tomcat-embed-core-9.0.26.jar:9.0.26]
	at org.apache.coyote.AbstractProtocol.start(AbstractProtocol.java:585) ~[tomcat-embed-core-9.0.26.jar:9.0.26]
	at org.apache.catalina.connector.Connector.startInternal(Connector.java:1005) ~[tomcat-embed-core-9.0.26.jar:9.0.26]
	... 14 more
2019-10-31 11:12:01,959 ERROR o.s.b.d.LoggingFailureAnalysisReporter [main] 

***************************
APPLICATION FAILED TO START
***************************

Description:

The Tomcat connector configured to listen on port 8080 failed to start. The port may already be in use or the connector may be misconfigured.

Action:

Verify the connector's configuration, identify and stop any process that's listening on port 8080, or configure this application to listen on another port.

2019-10-31 11:12:19,194 DEBUG n.s.l.s.LoggerService [http-nio-8080-exec-5] this is logger debug
2019-10-31 11:12:19,195 ERROR n.s.l.s.LoggerService [http-nio-8080-exec-5] this is logger error
2019-10-31 11:13:39,564 INFO n.s.l.LoggerTestApplication [main] Starting LoggerTestApplication on SKCCSF-PC with PID 11616 (C:\Users\SKCCSF\Documents\workspace-spring-tool-suite-4-4.3.2.RELEASE\LoggerTest\target\classes started by SKCCSF in C:\Users\SKCCSF\Documents\workspace-spring-tool-suite-4-4.3.2.RELEASE\LoggerTest)
2019-10-31 11:13:39,570 DEBUG n.s.l.LoggerTestApplication [main] Running with Spring Boot v2.1.9.RELEASE, Spring v5.1.10.RELEASE
2019-10-31 11:13:39,571 INFO n.s.l.LoggerTestApplication [main] No active profile set, falling back to default profiles: default
2019-10-31 11:13:41,210 ERROR o.s.b.SpringApplication [main] Application run failed
org.springframework.beans.factory.UnsatisfiedDependencyException: Error creating bean with name 'logTestController': Unsatisfied dependency expressed through field 'loggerService'; nested exception is org.springframework.beans.factory.BeanCreationException: Error creating bean with name 'loggerService' defined in file [C:\Users\SKCCSF\Documents\workspace-spring-tool-suite-4-4.3.2.RELEASE\LoggerTest\target\classes\net\smartworks\log\service\LoggerService.class]: Instantiation of bean failed; nested exception is org.springframework.beans.BeanInstantiationException: Failed to instantiate [net.smartworks.log.service.LoggerService]: Constructor threw exception; nested exception is java.lang.NullPointerException
	at org.springframework.beans.factory.annotation.AutowiredAnnotationBeanPostProcessor$AutowiredFieldElement.inject(AutowiredAnnotationBeanPostProcessor.java:598) ~[spring-beans-5.1.10.RELEASE.jar:5.1.10.RELEASE]
	at org.springframework.beans.factory.annotation.InjectionMetadata.inject(InjectionMetadata.java:90) ~[spring-beans-5.1.10.RELEASE.jar:5.1.10.RELEASE]
	at org.springframework.beans.factory.annotation.AutowiredAnnotationBeanPostProcessor.postProcessProperties(AutowiredAnnotationBeanPostProcessor.java:376) ~[spring-beans-5.1.10.RELEASE.jar:5.1.10.RELEASE]
	at org.springframework.beans.factory.support.AbstractAutowireCapableBeanFactory.populateBean(AbstractAutowireCapableBeanFactory.java:1411) ~[spring-beans-5.1.10.RELEASE.jar:5.1.10.RELEASE]
	at org.springframework.beans.factory.support.AbstractAutowireCapableBeanFactory.doCreateBean(AbstractAutowireCapableBeanFactory.java:592) ~[spring-beans-5.1.10.RELEASE.jar:5.1.10.RELEASE]
	at org.springframework.beans.factory.support.AbstractAutowireCapableBeanFactory.createBean(AbstractAutowireCapableBeanFactory.java:515) ~[spring-beans-5.1.10.RELEASE.jar:5.1.10.RELEASE]
	at org.springframework.beans.factory.support.AbstractBeanFactory.lambda$doGetBean$0(AbstractBeanFactory.java:320) ~[spring-beans-5.1.10.RELEASE.jar:5.1.10.RELEASE]
	at org.springframework.beans.factory.support.DefaultSingletonBeanRegistry.getSingleton(DefaultSingletonBeanRegistry.java:222) ~[spring-beans-5.1.10.RELEASE.jar:5.1.10.RELEASE]
	at org.springframework.beans.factory.support.AbstractBeanFactory.doGetBean(AbstractBeanFactory.java:318) ~[spring-beans-5.1.10.RELEASE.jar:5.1.10.RELEASE]
	at org.springframework.beans.factory.support.AbstractBeanFactory.getBean(AbstractBeanFactory.java:199) ~[spring-beans-5.1.10.RELEASE.jar:5.1.10.RELEASE]
	at org.springframework.beans.factory.support.DefaultListableBeanFactory.preInstantiateSingletons(DefaultListableBeanFactory.java:847) ~[spring-beans-5.1.10.RELEASE.jar:5.1.10.RELEASE]
	at org.springframework.context.support.AbstractApplicationContext.finishBeanFactoryInitialization(AbstractApplicationContext.java:877) ~[spring-context-5.1.10.RELEASE.jar:5.1.10.RELEASE]
	at org.springframework.context.support.AbstractApplicationContext.refresh(AbstractApplicationContext.java:549) ~[spring-context-5.1.10.RELEASE.jar:5.1.10.RELEASE]
	at org.springframework.boot.web.servlet.context.ServletWebServerApplicationContext.refresh(ServletWebServerApplicationContext.java:141) ~[spring-boot-2.1.9.RELEASE.jar:2.1.9.RELEASE]
	at org.springframework.boot.SpringApplication.refresh(SpringApplication.java:744) [spring-boot-2.1.9.RELEASE.jar:2.1.9.RELEASE]
	at org.springframework.boot.SpringApplication.refreshContext(SpringApplication.java:391) [spring-boot-2.1.9.RELEASE.jar:2.1.9.RELEASE]
	at org.springframework.boot.SpringApplication.run(SpringApplication.java:312) [spring-boot-2.1.9.RELEASE.jar:2.1.9.RELEASE]
	at org.springframework.boot.SpringApplication.run(SpringApplication.java:1215) [spring-boot-2.1.9.RELEASE.jar:2.1.9.RELEASE]
	at org.springframework.boot.SpringApplication.run(SpringApplication.java:1204) [spring-boot-2.1.9.RELEASE.jar:2.1.9.RELEASE]
	at net.smartworks.log.LoggerTestApplication.main(LoggerTestApplication.java:23) [classes/:?]
Caused by: org.springframework.beans.factory.BeanCreationException: Error creating bean with name 'loggerService' defined in file [C:\Users\SKCCSF\Documents\workspace-spring-tool-suite-4-4.3.2.RELEASE\LoggerTest\target\classes\net\smartworks\log\service\LoggerService.class]: Instantiation of bean failed; nested exception is org.springframework.beans.BeanInstantiationException: Failed to instantiate [net.smartworks.log.service.LoggerService]: Constructor threw exception; nested exception is java.lang.NullPointerException
	at org.springframework.beans.factory.support.AbstractAutowireCapableBeanFactory.instantiateBean(AbstractAutowireCapableBeanFactory.java:1303) ~[spring-beans-5.1.10.RELEASE.jar:5.1.10.RELEASE]
	at org.springframework.beans.factory.support.AbstractAutowireCapableBeanFactory.createBeanInstance(AbstractAutowireCapableBeanFactory.java:1197) ~[spring-beans-5.1.10.RELEASE.jar:5.1.10.RELEASE]
	at org.springframework.beans.factory.support.AbstractAutowireCapableBeanFactory.doCreateBean(AbstractAutowireCapableBeanFactory.java:555) ~[spring-beans-5.1.10.RELEASE.jar:5.1.10.RELEASE]
	at org.springframework.beans.factory.support.AbstractAutowireCapableBeanFactory.createBean(AbstractAutowireCapableBeanFactory.java:515) ~[spring-beans-5.1.10.RELEASE.jar:5.1.10.RELEASE]
	at org.springframework.beans.factory.support.AbstractBeanFactory.lambda$doGetBean$0(AbstractBeanFactory.java:320) ~[spring-beans-5.1.10.RELEASE.jar:5.1.10.RELEASE]
	at org.springframework.beans.factory.support.DefaultSingletonBeanRegistry.getSingleton(DefaultSingletonBeanRegistry.java:222) ~[spring-beans-5.1.10.RELEASE.jar:5.1.10.RELEASE]
	at org.springframework.beans.factory.support.AbstractBeanFactory.doGetBean(AbstractBeanFactory.java:318) ~[spring-beans-5.1.10.RELEASE.jar:5.1.10.RELEASE]
	at org.springframework.beans.factory.support.AbstractBeanFactory.getBean(AbstractBeanFactory.java:199) ~[spring-beans-5.1.10.RELEASE.jar:5.1.10.RELEASE]
	at org.springframework.beans.factory.config.DependencyDescriptor.resolveCandidate(DependencyDescriptor.java:277) ~[spring-beans-5.1.10.RELEASE.jar:5.1.10.RELEASE]
	at org.springframework.beans.factory.support.DefaultListableBeanFactory.doResolveDependency(DefaultListableBeanFactory.java:1255) ~[spring-beans-5.1.10.RELEASE.jar:5.1.10.RELEASE]
	at org.springframework.beans.factory.support.DefaultListableBeanFactory.resolveDependency(DefaultListableBeanFactory.java:1175) ~[spring-beans-5.1.10.RELEASE.jar:5.1.10.RELEASE]
	at org.springframework.beans.factory.annotation.AutowiredAnnotationBeanPostProcessor$AutowiredFieldElement.inject(AutowiredAnnotationBeanPostProcessor.java:595) ~[spring-beans-5.1.10.RELEASE.jar:5.1.10.RELEASE]
	... 19 more
Caused by: org.springframework.beans.BeanInstantiationException: Failed to instantiate [net.smartworks.log.service.LoggerService]: Constructor threw exception; nested exception is java.lang.NullPointerException
	at org.springframework.beans.BeanUtils.instantiateClass(BeanUtils.java:184) ~[spring-beans-5.1.10.RELEASE.jar:5.1.10.RELEASE]
	at org.springframework.beans.factory.support.SimpleInstantiationStrategy.instantiate(SimpleInstantiationStrategy.java:87) ~[spring-beans-5.1.10.RELEASE.jar:5.1.10.RELEASE]
	at org.springframework.beans.factory.support.AbstractAutowireCapableBeanFactory.instantiateBean(AbstractAutowireCapableBeanFactory.java:1295) ~[spring-beans-5.1.10.RELEASE.jar:5.1.10.RELEASE]
	at org.springframework.beans.factory.support.AbstractAutowireCapableBeanFactory.createBeanInstance(AbstractAutowireCapableBeanFactory.java:1197) ~[spring-beans-5.1.10.RELEASE.jar:5.1.10.RELEASE]
	at org.springframework.beans.factory.support.AbstractAutowireCapableBeanFactory.doCreateBean(AbstractAutowireCapableBeanFactory.java:555) ~[spring-beans-5.1.10.RELEASE.jar:5.1.10.RELEASE]
	at org.springframework.beans.factory.support.AbstractAutowireCapableBeanFactory.createBean(AbstractAutowireCapableBeanFactory.java:515) ~[spring-beans-5.1.10.RELEASE.jar:5.1.10.RELEASE]
	at org.springframework.beans.factory.support.AbstractBeanFactory.lambda$doGetBean$0(AbstractBeanFactory.java:320) ~[spring-beans-5.1.10.RELEASE.jar:5.1.10.RELEASE]
	at org.springframework.beans.factory.support.DefaultSingletonBeanRegistry.getSingleton(DefaultSingletonBeanRegistry.java:222) ~[spring-beans-5.1.10.RELEASE.jar:5.1.10.RELEASE]
	at org.springframework.beans.factory.support.AbstractBeanFactory.doGetBean(AbstractBeanFactory.java:318) ~[spring-beans-5.1.10.RELEASE.jar:5.1.10.RELEASE]
	at org.springframework.beans.factory.support.AbstractBeanFactory.getBean(AbstractBeanFactory.java:199) ~[spring-beans-5.1.10.RELEASE.jar:5.1.10.RELEASE]
	at org.springframework.beans.factory.config.DependencyDescriptor.resolveCandidate(DependencyDescriptor.java:277) ~[spring-beans-5.1.10.RELEASE.jar:5.1.10.RELEASE]
	at org.springframework.beans.factory.support.DefaultListableBeanFactory.doResolveDependency(DefaultListableBeanFactory.java:1255) ~[spring-beans-5.1.10.RELEASE.jar:5.1.10.RELEASE]
	at org.springframework.beans.factory.support.DefaultListableBeanFactory.resolveDependency(DefaultListableBeanFactory.java:1175) ~[spring-beans-5.1.10.RELEASE.jar:5.1.10.RELEASE]
	at org.springframework.beans.factory.annotation.AutowiredAnnotationBeanPostProcessor$AutowiredFieldElement.inject(AutowiredAnnotationBeanPostProcessor.java:595) ~[spring-beans-5.1.10.RELEASE.jar:5.1.10.RELEASE]
	... 19 more
Caused by: java.lang.NullPointerException
	at org.apache.logging.log4j.core.appender.AsyncAppender.start(AsyncAppender.java:101) ~[log4j-core-2.11.2.jar:2.11.2]
	at net.smartworks.log.service.LoggerService.addAppender(LoggerService.java:72) ~[classes/:?]
	at net.smartworks.log.service.LoggerService.<init>(LoggerService.java:35) ~[classes/:?]
	at jdk.internal.reflect.NativeConstructorAccessorImpl.newInstance0(Native Method) ~[?:?]
	at jdk.internal.reflect.NativeConstructorAccessorImpl.newInstance(NativeConstructorAccessorImpl.java:62) ~[?:?]
	at jdk.internal.reflect.DelegatingConstructorAccessorImpl.newInstance(DelegatingConstructorAccessorImpl.java:45) ~[?:?]
	at java.lang.reflect.Constructor.newInstanceWithCaller(Constructor.java:500) ~[?:?]
	at java.lang.reflect.Constructor.newInstance(Constructor.java:481) ~[?:?]
	at org.springframework.beans.BeanUtils.instantiateClass(BeanUtils.java:172) ~[spring-beans-5.1.10.RELEASE.jar:5.1.10.RELEASE]
	at org.springframework.beans.factory.support.SimpleInstantiationStrategy.instantiate(SimpleInstantiationStrategy.java:87) ~[spring-beans-5.1.10.RELEASE.jar:5.1.10.RELEASE]
	at org.springframework.beans.factory.support.AbstractAutowireCapableBeanFactory.instantiateBean(AbstractAutowireCapableBeanFactory.java:1295) ~[spring-beans-5.1.10.RELEASE.jar:5.1.10.RELEASE]
	at org.springframework.beans.factory.support.AbstractAutowireCapableBeanFactory.createBeanInstance(AbstractAutowireCapableBeanFactory.java:1197) ~[spring-beans-5.1.10.RELEASE.jar:5.1.10.RELEASE]
	at org.springframework.beans.factory.support.AbstractAutowireCapableBeanFactory.doCreateBean(AbstractAutowireCapableBeanFactory.java:555) ~[spring-beans-5.1.10.RELEASE.jar:5.1.10.RELEASE]
	at org.springframework.beans.factory.support.AbstractAutowireCapableBeanFactory.createBean(AbstractAutowireCapableBeanFactory.java:515) ~[spring-beans-5.1.10.RELEASE.jar:5.1.10.RELEASE]
	at org.springframework.beans.factory.support.AbstractBeanFactory.lambda$doGetBean$0(AbstractBeanFactory.java:320) ~[spring-beans-5.1.10.RELEASE.jar:5.1.10.RELEASE]
	at org.springframework.beans.factory.support.DefaultSingletonBeanRegistry.getSingleton(DefaultSingletonBeanRegistry.java:222) ~[spring-beans-5.1.10.RELEASE.jar:5.1.10.RELEASE]
	at org.springframework.beans.factory.support.AbstractBeanFactory.doGetBean(AbstractBeanFactory.java:318) ~[spring-beans-5.1.10.RELEASE.jar:5.1.10.RELEASE]
	at org.springframework.beans.factory.support.AbstractBeanFactory.getBean(AbstractBeanFactory.java:199) ~[spring-beans-5.1.10.RELEASE.jar:5.1.10.RELEASE]
	at org.springframework.beans.factory.config.DependencyDescriptor.resolveCandidate(DependencyDescriptor.java:277) ~[spring-beans-5.1.10.RELEASE.jar:5.1.10.RELEASE]
	at org.springframework.beans.factory.support.DefaultListableBeanFactory.doResolveDependency(DefaultListableBeanFactory.java:1255) ~[spring-beans-5.1.10.RELEASE.jar:5.1.10.RELEASE]
	at org.springframework.beans.factory.support.DefaultListableBeanFactory.resolveDependency(DefaultListableBeanFactory.java:1175) ~[spring-beans-5.1.10.RELEASE.jar:5.1.10.RELEASE]
	at org.springframework.beans.factory.annotation.AutowiredAnnotationBeanPostProcessor$AutowiredFieldElement.inject(AutowiredAnnotationBeanPostProcessor.java:595) ~[spring-beans-5.1.10.RELEASE.jar:5.1.10.RELEASE]
	... 19 more
2019-10-31 11:14:12,200 INFO n.s.l.LoggerTestApplication [main] Starting LoggerTestApplication on SKCCSF-PC with PID 9184 (C:\Users\SKCCSF\Documents\workspace-spring-tool-suite-4-4.3.2.RELEASE\LoggerTest\target\classes started by SKCCSF in C:\Users\SKCCSF\Documents\workspace-spring-tool-suite-4-4.3.2.RELEASE\LoggerTest)
2019-10-31 11:14:12,205 DEBUG n.s.l.LoggerTestApplication [main] Running with Spring Boot v2.1.9.RELEASE, Spring v5.1.10.RELEASE
2019-10-31 11:14:12,206 INFO n.s.l.LoggerTestApplication [main] No active profile set, falling back to default profiles: default
2019-10-31 11:14:13,791 ERROR o.s.b.SpringApplication [main] Application run failed
org.springframework.beans.factory.UnsatisfiedDependencyException: Error creating bean with name 'logTestController': Unsatisfied dependency expressed through field 'loggerService'; nested exception is org.springframework.beans.factory.BeanCreationException: Error creating bean with name 'loggerService' defined in file [C:\Users\SKCCSF\Documents\workspace-spring-tool-suite-4-4.3.2.RELEASE\LoggerTest\target\classes\net\smartworks\log\service\LoggerService.class]: Instantiation of bean failed; nested exception is org.springframework.beans.BeanInstantiationException: Failed to instantiate [net.smartworks.log.service.LoggerService]: Constructor threw exception; nested exception is java.lang.NullPointerException
	at org.springframework.beans.factory.annotation.AutowiredAnnotationBeanPostProcessor$AutowiredFieldElement.inject(AutowiredAnnotationBeanPostProcessor.java:598) ~[spring-beans-5.1.10.RELEASE.jar:5.1.10.RELEASE]
	at org.springframework.beans.factory.annotation.InjectionMetadata.inject(InjectionMetadata.java:90) ~[spring-beans-5.1.10.RELEASE.jar:5.1.10.RELEASE]
	at org.springframework.beans.factory.annotation.AutowiredAnnotationBeanPostProcessor.postProcessProperties(AutowiredAnnotationBeanPostProcessor.java:376) ~[spring-beans-5.1.10.RELEASE.jar:5.1.10.RELEASE]
	at org.springframework.beans.factory.support.AbstractAutowireCapableBeanFactory.populateBean(AbstractAutowireCapableBeanFactory.java:1411) ~[spring-beans-5.1.10.RELEASE.jar:5.1.10.RELEASE]
	at org.springframework.beans.factory.support.AbstractAutowireCapableBeanFactory.doCreateBean(AbstractAutowireCapableBeanFactory.java:592) ~[spring-beans-5.1.10.RELEASE.jar:5.1.10.RELEASE]
	at org.springframework.beans.factory.support.AbstractAutowireCapableBeanFactory.createBean(AbstractAutowireCapableBeanFactory.java:515) ~[spring-beans-5.1.10.RELEASE.jar:5.1.10.RELEASE]
	at org.springframework.beans.factory.support.AbstractBeanFactory.lambda$doGetBean$0(AbstractBeanFactory.java:320) ~[spring-beans-5.1.10.RELEASE.jar:5.1.10.RELEASE]
	at org.springframework.beans.factory.support.DefaultSingletonBeanRegistry.getSingleton(DefaultSingletonBeanRegistry.java:222) ~[spring-beans-5.1.10.RELEASE.jar:5.1.10.RELEASE]
	at org.springframework.beans.factory.support.AbstractBeanFactory.doGetBean(AbstractBeanFactory.java:318) ~[spring-beans-5.1.10.RELEASE.jar:5.1.10.RELEASE]
	at org.springframework.beans.factory.support.AbstractBeanFactory.getBean(AbstractBeanFactory.java:199) ~[spring-beans-5.1.10.RELEASE.jar:5.1.10.RELEASE]
	at org.springframework.beans.factory.support.DefaultListableBeanFactory.preInstantiateSingletons(DefaultListableBeanFactory.java:847) ~[spring-beans-5.1.10.RELEASE.jar:5.1.10.RELEASE]
	at org.springframework.context.support.AbstractApplicationContext.finishBeanFactoryInitialization(AbstractApplicationContext.java:877) ~[spring-context-5.1.10.RELEASE.jar:5.1.10.RELEASE]
	at org.springframework.context.support.AbstractApplicationContext.refresh(AbstractApplicationContext.java:549) ~[spring-context-5.1.10.RELEASE.jar:5.1.10.RELEASE]
	at org.springframework.boot.web.servlet.context.ServletWebServerApplicationContext.refresh(ServletWebServerApplicationContext.java:141) ~[spring-boot-2.1.9.RELEASE.jar:2.1.9.RELEASE]
	at org.springframework.boot.SpringApplication.refresh(SpringApplication.java:744) [spring-boot-2.1.9.RELEASE.jar:2.1.9.RELEASE]
	at org.springframework.boot.SpringApplication.refreshContext(SpringApplication.java:391) [spring-boot-2.1.9.RELEASE.jar:2.1.9.RELEASE]
	at org.springframework.boot.SpringApplication.run(SpringApplication.java:312) [spring-boot-2.1.9.RELEASE.jar:2.1.9.RELEASE]
	at org.springframework.boot.SpringApplication.run(SpringApplication.java:1215) [spring-boot-2.1.9.RELEASE.jar:2.1.9.RELEASE]
	at org.springframework.boot.SpringApplication.run(SpringApplication.java:1204) [spring-boot-2.1.9.RELEASE.jar:2.1.9.RELEASE]
	at net.smartworks.log.LoggerTestApplication.main(LoggerTestApplication.java:23) [classes/:?]
Caused by: org.springframework.beans.factory.BeanCreationException: Error creating bean with name 'loggerService' defined in file [C:\Users\SKCCSF\Documents\workspace-spring-tool-suite-4-4.3.2.RELEASE\LoggerTest\target\classes\net\smartworks\log\service\LoggerService.class]: Instantiation of bean failed; nested exception is org.springframework.beans.BeanInstantiationException: Failed to instantiate [net.smartworks.log.service.LoggerService]: Constructor threw exception; nested exception is java.lang.NullPointerException
	at org.springframework.beans.factory.support.AbstractAutowireCapableBeanFactory.instantiateBean(AbstractAutowireCapableBeanFactory.java:1303) ~[spring-beans-5.1.10.RELEASE.jar:5.1.10.RELEASE]
	at org.springframework.beans.factory.support.AbstractAutowireCapableBeanFactory.createBeanInstance(AbstractAutowireCapableBeanFactory.java:1197) ~[spring-beans-5.1.10.RELEASE.jar:5.1.10.RELEASE]
	at org.springframework.beans.factory.support.AbstractAutowireCapableBeanFactory.doCreateBean(AbstractAutowireCapableBeanFactory.java:555) ~[spring-beans-5.1.10.RELEASE.jar:5.1.10.RELEASE]
	at org.springframework.beans.factory.support.AbstractAutowireCapableBeanFactory.createBean(AbstractAutowireCapableBeanFactory.java:515) ~[spring-beans-5.1.10.RELEASE.jar:5.1.10.RELEASE]
	at org.springframework.beans.factory.support.AbstractBeanFactory.lambda$doGetBean$0(AbstractBeanFactory.java:320) ~[spring-beans-5.1.10.RELEASE.jar:5.1.10.RELEASE]
	at org.springframework.beans.factory.support.DefaultSingletonBeanRegistry.getSingleton(DefaultSingletonBeanRegistry.java:222) ~[spring-beans-5.1.10.RELEASE.jar:5.1.10.RELEASE]
	at org.springframework.beans.factory.support.AbstractBeanFactory.doGetBean(AbstractBeanFactory.java:318) ~[spring-beans-5.1.10.RELEASE.jar:5.1.10.RELEASE]
	at org.springframework.beans.factory.support.AbstractBeanFactory.getBean(AbstractBeanFactory.java:199) ~[spring-beans-5.1.10.RELEASE.jar:5.1.10.RELEASE]
	at org.springframework.beans.factory.config.DependencyDescriptor.resolveCandidate(DependencyDescriptor.java:277) ~[spring-beans-5.1.10.RELEASE.jar:5.1.10.RELEASE]
	at org.springframework.beans.factory.support.DefaultListableBeanFactory.doResolveDependency(DefaultListableBeanFactory.java:1255) ~[spring-beans-5.1.10.RELEASE.jar:5.1.10.RELEASE]
	at org.springframework.beans.factory.support.DefaultListableBeanFactory.resolveDependency(DefaultListableBeanFactory.java:1175) ~[spring-beans-5.1.10.RELEASE.jar:5.1.10.RELEASE]
	at org.springframework.beans.factory.annotation.AutowiredAnnotationBeanPostProcessor$AutowiredFieldElement.inject(AutowiredAnnotationBeanPostProcessor.java:595) ~[spring-beans-5.1.10.RELEASE.jar:5.1.10.RELEASE]
	... 19 more
Caused by: org.springframework.beans.BeanInstantiationException: Failed to instantiate [net.smartworks.log.service.LoggerService]: Constructor threw exception; nested exception is java.lang.NullPointerException
	at org.springframework.beans.BeanUtils.instantiateClass(BeanUtils.java:184) ~[spring-beans-5.1.10.RELEASE.jar:5.1.10.RELEASE]
	at org.springframework.beans.factory.support.SimpleInstantiationStrategy.instantiate(SimpleInstantiationStrategy.java:87) ~[spring-beans-5.1.10.RELEASE.jar:5.1.10.RELEASE]
	at org.springframework.beans.factory.support.AbstractAutowireCapableBeanFactory.instantiateBean(AbstractAutowireCapableBeanFactory.java:1295) ~[spring-beans-5.1.10.RELEASE.jar:5.1.10.RELEASE]
	at org.springframework.beans.factory.support.AbstractAutowireCapableBeanFactory.createBeanInstance(AbstractAutowireCapableBeanFactory.java:1197) ~[spring-beans-5.1.10.RELEASE.jar:5.1.10.RELEASE]
	at org.springframework.beans.factory.support.AbstractAutowireCapableBeanFactory.doCreateBean(AbstractAutowireCapableBeanFactory.java:555) ~[spring-beans-5.1.10.RELEASE.jar:5.1.10.RELEASE]
	at org.springframework.beans.factory.support.AbstractAutowireCapableBeanFactory.createBean(AbstractAutowireCapableBeanFactory.java:515) ~[spring-beans-5.1.10.RELEASE.jar:5.1.10.RELEASE]
	at org.springframework.beans.factory.support.AbstractBeanFactory.lambda$doGetBean$0(AbstractBeanFactory.java:320) ~[spring-beans-5.1.10.RELEASE.jar:5.1.10.RELEASE]
	at org.springframework.beans.factory.support.DefaultSingletonBeanRegistry.getSingleton(DefaultSingletonBeanRegistry.java:222) ~[spring-beans-5.1.10.RELEASE.jar:5.1.10.RELEASE]
	at org.springframework.beans.factory.support.AbstractBeanFactory.doGetBean(AbstractBeanFactory.java:318) ~[spring-beans-5.1.10.RELEASE.jar:5.1.10.RELEASE]
	at org.springframework.beans.factory.support.AbstractBeanFactory.getBean(AbstractBeanFactory.java:199) ~[spring-beans-5.1.10.RELEASE.jar:5.1.10.RELEASE]
	at org.springframework.beans.factory.config.DependencyDescriptor.resolveCandidate(DependencyDescriptor.java:277) ~[spring-beans-5.1.10.RELEASE.jar:5.1.10.RELEASE]
	at org.springframework.beans.factory.support.DefaultListableBeanFactory.doResolveDependency(DefaultListableBeanFactory.java:1255) ~[spring-beans-5.1.10.RELEASE.jar:5.1.10.RELEASE]
	at org.springframework.beans.factory.support.DefaultListableBeanFactory.resolveDependency(DefaultListableBeanFactory.java:1175) ~[spring-beans-5.1.10.RELEASE.jar:5.1.10.RELEASE]
	at org.springframework.beans.factory.annotation.AutowiredAnnotationBeanPostProcessor$AutowiredFieldElement.inject(AutowiredAnnotationBeanPostProcessor.java:595) ~[spring-beans-5.1.10.RELEASE.jar:5.1.10.RELEASE]
	... 19 more
Caused by: java.lang.NullPointerException
	at org.apache.logging.log4j.core.appender.AsyncAppender.start(AsyncAppender.java:101) ~[log4j-core-2.11.2.jar:2.11.2]
	at net.smartworks.log.service.LoggerService.addAppender(LoggerService.java:72) ~[classes/:?]
	at net.smartworks.log.service.LoggerService.<init>(LoggerService.java:35) ~[classes/:?]
	at jdk.internal.reflect.NativeConstructorAccessorImpl.newInstance0(Native Method) ~[?:?]
	at jdk.internal.reflect.NativeConstructorAccessorImpl.newInstance(NativeConstructorAccessorImpl.java:62) ~[?:?]
	at jdk.internal.reflect.DelegatingConstructorAccessorImpl.newInstance(DelegatingConstructorAccessorImpl.java:45) ~[?:?]
	at java.lang.reflect.Constructor.newInstanceWithCaller(Constructor.java:500) ~[?:?]
	at java.lang.reflect.Constructor.newInstance(Constructor.java:481) ~[?:?]
	at org.springframework.beans.BeanUtils.instantiateClass(BeanUtils.java:172) ~[spring-beans-5.1.10.RELEASE.jar:5.1.10.RELEASE]
	at org.springframework.beans.factory.support.SimpleInstantiationStrategy.instantiate(SimpleInstantiationStrategy.java:87) ~[spring-beans-5.1.10.RELEASE.jar:5.1.10.RELEASE]
	at org.springframework.beans.factory.support.AbstractAutowireCapableBeanFactory.instantiateBean(AbstractAutowireCapableBeanFactory.java:1295) ~[spring-beans-5.1.10.RELEASE.jar:5.1.10.RELEASE]
	at org.springframework.beans.factory.support.AbstractAutowireCapableBeanFactory.createBeanInstance(AbstractAutowireCapableBeanFactory.java:1197) ~[spring-beans-5.1.10.RELEASE.jar:5.1.10.RELEASE]
	at org.springframework.beans.factory.support.AbstractAutowireCapableBeanFactory.doCreateBean(AbstractAutowireCapableBeanFactory.java:555) ~[spring-beans-5.1.10.RELEASE.jar:5.1.10.RELEASE]
	at org.springframework.beans.factory.support.AbstractAutowireCapableBeanFactory.createBean(AbstractAutowireCapableBeanFactory.java:515) ~[spring-beans-5.1.10.RELEASE.jar:5.1.10.RELEASE]
	at org.springframework.beans.factory.support.AbstractBeanFactory.lambda$doGetBean$0(AbstractBeanFactory.java:320) ~[spring-beans-5.1.10.RELEASE.jar:5.1.10.RELEASE]
	at org.springframework.beans.factory.support.DefaultSingletonBeanRegistry.getSingleton(DefaultSingletonBeanRegistry.java:222) ~[spring-beans-5.1.10.RELEASE.jar:5.1.10.RELEASE]
	at org.springframework.beans.factory.support.AbstractBeanFactory.doGetBean(AbstractBeanFactory.java:318) ~[spring-beans-5.1.10.RELEASE.jar:5.1.10.RELEASE]
	at org.springframework.beans.factory.support.AbstractBeanFactory.getBean(AbstractBeanFactory.java:199) ~[spring-beans-5.1.10.RELEASE.jar:5.1.10.RELEASE]
	at org.springframework.beans.factory.config.DependencyDescriptor.resolveCandidate(DependencyDescriptor.java:277) ~[spring-beans-5.1.10.RELEASE.jar:5.1.10.RELEASE]
	at org.springframework.beans.factory.support.DefaultListableBeanFactory.doResolveDependency(DefaultListableBeanFactory.java:1255) ~[spring-beans-5.1.10.RELEASE.jar:5.1.10.RELEASE]
	at org.springframework.beans.factory.support.DefaultListableBeanFactory.resolveDependency(DefaultListableBeanFactory.java:1175) ~[spring-beans-5.1.10.RELEASE.jar:5.1.10.RELEASE]
	at org.springframework.beans.factory.annotation.AutowiredAnnotationBeanPostProcessor$AutowiredFieldElement.inject(AutowiredAnnotationBeanPostProcessor.java:595) ~[spring-beans-5.1.10.RELEASE.jar:5.1.10.RELEASE]
	... 19 more
2019-10-31 11:21:54,677 INFO n.s.l.LoggerTestApplication [main] Starting LoggerTestApplication on SKCCSF-PC with PID 16160 (C:\Users\SKCCSF\Documents\workspace-spring-tool-suite-4-4.3.2.RELEASE\LoggerTest\target\classes started by SKCCSF in C:\Users\SKCCSF\Documents\workspace-spring-tool-suite-4-4.3.2.RELEASE\LoggerTest)
2019-10-31 11:21:54,683 DEBUG n.s.l.LoggerTestApplication [main] Running with Spring Boot v2.1.9.RELEASE, Spring v5.1.10.RELEASE
2019-10-31 11:21:54,684 INFO n.s.l.LoggerTestApplication [main] No active profile set, falling back to default profiles: default
2019-10-31 11:21:56,330 ERROR o.s.b.SpringApplication [main] Application run failed
org.springframework.beans.factory.UnsatisfiedDependencyException: Error creating bean with name 'logTestController': Unsatisfied dependency expressed through field 'loggerService'; nested exception is org.springframework.beans.factory.BeanCreationException: Error creating bean with name 'loggerService' defined in file [C:\Users\SKCCSF\Documents\workspace-spring-tool-suite-4-4.3.2.RELEASE\LoggerTest\target\classes\net\smartworks\log\service\LoggerService.class]: Instantiation of bean failed; nested exception is org.springframework.beans.BeanInstantiationException: Failed to instantiate [net.smartworks.log.service.LoggerService]: Constructor threw exception; nested exception is java.lang.NullPointerException
	at org.springframework.beans.factory.annotation.AutowiredAnnotationBeanPostProcessor$AutowiredFieldElement.inject(AutowiredAnnotationBeanPostProcessor.java:598) ~[spring-beans-5.1.10.RELEASE.jar:5.1.10.RELEASE]
	at org.springframework.beans.factory.annotation.InjectionMetadata.inject(InjectionMetadata.java:90) ~[spring-beans-5.1.10.RELEASE.jar:5.1.10.RELEASE]
	at org.springframework.beans.factory.annotation.AutowiredAnnotationBeanPostProcessor.postProcessProperties(AutowiredAnnotationBeanPostProcessor.java:376) ~[spring-beans-5.1.10.RELEASE.jar:5.1.10.RELEASE]
	at org.springframework.beans.factory.support.AbstractAutowireCapableBeanFactory.populateBean(AbstractAutowireCapableBeanFactory.java:1411) ~[spring-beans-5.1.10.RELEASE.jar:5.1.10.RELEASE]
	at org.springframework.beans.factory.support.AbstractAutowireCapableBeanFactory.doCreateBean(AbstractAutowireCapableBeanFactory.java:592) ~[spring-beans-5.1.10.RELEASE.jar:5.1.10.RELEASE]
	at org.springframework.beans.factory.support.AbstractAutowireCapableBeanFactory.createBean(AbstractAutowireCapableBeanFactory.java:515) ~[spring-beans-5.1.10.RELEASE.jar:5.1.10.RELEASE]
	at org.springframework.beans.factory.support.AbstractBeanFactory.lambda$doGetBean$0(AbstractBeanFactory.java:320) ~[spring-beans-5.1.10.RELEASE.jar:5.1.10.RELEASE]
	at org.springframework.beans.factory.support.DefaultSingletonBeanRegistry.getSingleton(DefaultSingletonBeanRegistry.java:222) ~[spring-beans-5.1.10.RELEASE.jar:5.1.10.RELEASE]
	at org.springframework.beans.factory.support.AbstractBeanFactory.doGetBean(AbstractBeanFactory.java:318) ~[spring-beans-5.1.10.RELEASE.jar:5.1.10.RELEASE]
	at org.springframework.beans.factory.support.AbstractBeanFactory.getBean(AbstractBeanFactory.java:199) ~[spring-beans-5.1.10.RELEASE.jar:5.1.10.RELEASE]
	at org.springframework.beans.factory.support.DefaultListableBeanFactory.preInstantiateSingletons(DefaultListableBeanFactory.java:847) ~[spring-beans-5.1.10.RELEASE.jar:5.1.10.RELEASE]
	at org.springframework.context.support.AbstractApplicationContext.finishBeanFactoryInitialization(AbstractApplicationContext.java:877) ~[spring-context-5.1.10.RELEASE.jar:5.1.10.RELEASE]
	at org.springframework.context.support.AbstractApplicationContext.refresh(AbstractApplicationContext.java:549) ~[spring-context-5.1.10.RELEASE.jar:5.1.10.RELEASE]
	at org.springframework.boot.web.servlet.context.ServletWebServerApplicationContext.refresh(ServletWebServerApplicationContext.java:141) ~[spring-boot-2.1.9.RELEASE.jar:2.1.9.RELEASE]
	at org.springframework.boot.SpringApplication.refresh(SpringApplication.java:744) [spring-boot-2.1.9.RELEASE.jar:2.1.9.RELEASE]
	at org.springframework.boot.SpringApplication.refreshContext(SpringApplication.java:391) [spring-boot-2.1.9.RELEASE.jar:2.1.9.RELEASE]
	at org.springframework.boot.SpringApplication.run(SpringApplication.java:312) [spring-boot-2.1.9.RELEASE.jar:2.1.9.RELEASE]
	at org.springframework.boot.SpringApplication.run(SpringApplication.java:1215) [spring-boot-2.1.9.RELEASE.jar:2.1.9.RELEASE]
	at org.springframework.boot.SpringApplication.run(SpringApplication.java:1204) [spring-boot-2.1.9.RELEASE.jar:2.1.9.RELEASE]
	at net.smartworks.log.LoggerTestApplication.main(LoggerTestApplication.java:23) [classes/:?]
Caused by: org.springframework.beans.factory.BeanCreationException: Error creating bean with name 'loggerService' defined in file [C:\Users\SKCCSF\Documents\workspace-spring-tool-suite-4-4.3.2.RELEASE\LoggerTest\target\classes\net\smartworks\log\service\LoggerService.class]: Instantiation of bean failed; nested exception is org.springframework.beans.BeanInstantiationException: Failed to instantiate [net.smartworks.log.service.LoggerService]: Constructor threw exception; nested exception is java.lang.NullPointerException
	at org.springframework.beans.factory.support.AbstractAutowireCapableBeanFactory.instantiateBean(AbstractAutowireCapableBeanFactory.java:1303) ~[spring-beans-5.1.10.RELEASE.jar:5.1.10.RELEASE]
	at org.springframework.beans.factory.support.AbstractAutowireCapableBeanFactory.createBeanInstance(AbstractAutowireCapableBeanFactory.java:1197) ~[spring-beans-5.1.10.RELEASE.jar:5.1.10.RELEASE]
	at org.springframework.beans.factory.support.AbstractAutowireCapableBeanFactory.doCreateBean(AbstractAutowireCapableBeanFactory.java:555) ~[spring-beans-5.1.10.RELEASE.jar:5.1.10.RELEASE]
	at org.springframework.beans.factory.support.AbstractAutowireCapableBeanFactory.createBean(AbstractAutowireCapableBeanFactory.java:515) ~[spring-beans-5.1.10.RELEASE.jar:5.1.10.RELEASE]
	at org.springframework.beans.factory.support.AbstractBeanFactory.lambda$doGetBean$0(AbstractBeanFactory.java:320) ~[spring-beans-5.1.10.RELEASE.jar:5.1.10.RELEASE]
	at org.springframework.beans.factory.support.DefaultSingletonBeanRegistry.getSingleton(DefaultSingletonBeanRegistry.java:222) ~[spring-beans-5.1.10.RELEASE.jar:5.1.10.RELEASE]
	at org.springframework.beans.factory.support.AbstractBeanFactory.doGetBean(AbstractBeanFactory.java:318) ~[spring-beans-5.1.10.RELEASE.jar:5.1.10.RELEASE]
	at org.springframework.beans.factory.support.AbstractBeanFactory.getBean(AbstractBeanFactory.java:199) ~[spring-beans-5.1.10.RELEASE.jar:5.1.10.RELEASE]
	at org.springframework.beans.factory.config.DependencyDescriptor.resolveCandidate(DependencyDescriptor.java:277) ~[spring-beans-5.1.10.RELEASE.jar:5.1.10.RELEASE]
	at org.springframework.beans.factory.support.DefaultListableBeanFactory.doResolveDependency(DefaultListableBeanFactory.java:1255) ~[spring-beans-5.1.10.RELEASE.jar:5.1.10.RELEASE]
	at org.springframework.beans.factory.support.DefaultListableBeanFactory.resolveDependency(DefaultListableBeanFactory.java:1175) ~[spring-beans-5.1.10.RELEASE.jar:5.1.10.RELEASE]
	at org.springframework.beans.factory.annotation.AutowiredAnnotationBeanPostProcessor$AutowiredFieldElement.inject(AutowiredAnnotationBeanPostProcessor.java:595) ~[spring-beans-5.1.10.RELEASE.jar:5.1.10.RELEASE]
	... 19 more
Caused by: org.springframework.beans.BeanInstantiationException: Failed to instantiate [net.smartworks.log.service.LoggerService]: Constructor threw exception; nested exception is java.lang.NullPointerException
	at org.springframework.beans.BeanUtils.instantiateClass(BeanUtils.java:184) ~[spring-beans-5.1.10.RELEASE.jar:5.1.10.RELEASE]
	at org.springframework.beans.factory.support.SimpleInstantiationStrategy.instantiate(SimpleInstantiationStrategy.java:87) ~[spring-beans-5.1.10.RELEASE.jar:5.1.10.RELEASE]
	at org.springframework.beans.factory.support.AbstractAutowireCapableBeanFactory.instantiateBean(AbstractAutowireCapableBeanFactory.java:1295) ~[spring-beans-5.1.10.RELEASE.jar:5.1.10.RELEASE]
	at org.springframework.beans.factory.support.AbstractAutowireCapableBeanFactory.createBeanInstance(AbstractAutowireCapableBeanFactory.java:1197) ~[spring-beans-5.1.10.RELEASE.jar:5.1.10.RELEASE]
	at org.springframework.beans.factory.support.AbstractAutowireCapableBeanFactory.doCreateBean(AbstractAutowireCapableBeanFactory.java:555) ~[spring-beans-5.1.10.RELEASE.jar:5.1.10.RELEASE]
	at org.springframework.beans.factory.support.AbstractAutowireCapableBeanFactory.createBean(AbstractAutowireCapableBeanFactory.java:515) ~[spring-beans-5.1.10.RELEASE.jar:5.1.10.RELEASE]
	at org.springframework.beans.factory.support.AbstractBeanFactory.lambda$doGetBean$0(AbstractBeanFactory.java:320) ~[spring-beans-5.1.10.RELEASE.jar:5.1.10.RELEASE]
	at org.springframework.beans.factory.support.DefaultSingletonBeanRegistry.getSingleton(DefaultSingletonBeanRegistry.java:222) ~[spring-beans-5.1.10.RELEASE.jar:5.1.10.RELEASE]
	at org.springframework.beans.factory.support.AbstractBeanFactory.doGetBean(AbstractBeanFactory.java:318) ~[spring-beans-5.1.10.RELEASE.jar:5.1.10.RELEASE]
	at org.springframework.beans.factory.support.AbstractBeanFactory.getBean(AbstractBeanFactory.java:199) ~[spring-beans-5.1.10.RELEASE.jar:5.1.10.RELEASE]
	at org.springframework.beans.factory.config.DependencyDescriptor.resolveCandidate(DependencyDescriptor.java:277) ~[spring-beans-5.1.10.RELEASE.jar:5.1.10.RELEASE]
	at org.springframework.beans.factory.support.DefaultListableBeanFactory.doResolveDependency(DefaultListableBeanFactory.java:1255) ~[spring-beans-5.1.10.RELEASE.jar:5.1.10.RELEASE]
	at org.springframework.beans.factory.support.DefaultListableBeanFactory.resolveDependency(DefaultListableBeanFactory.java:1175) ~[spring-beans-5.1.10.RELEASE.jar:5.1.10.RELEASE]
	at org.springframework.beans.factory.annotation.AutowiredAnnotationBeanPostProcessor$AutowiredFieldElement.inject(AutowiredAnnotationBeanPostProcessor.java:595) ~[spring-beans-5.1.10.RELEASE.jar:5.1.10.RELEASE]
	... 19 more
Caused by: java.lang.NullPointerException
	at org.apache.logging.log4j.core.appender.AsyncAppender.start(AsyncAppender.java:101) ~[log4j-core-2.11.2.jar:2.11.2]
	at net.smartworks.log.service.LoggerService.addAppender(LoggerService.java:72) ~[classes/:?]
	at net.smartworks.log.service.LoggerService.<init>(LoggerService.java:35) ~[classes/:?]
	at jdk.internal.reflect.NativeConstructorAccessorImpl.newInstance0(Native Method) ~[?:?]
	at jdk.internal.reflect.NativeConstructorAccessorImpl.newInstance(NativeConstructorAccessorImpl.java:62) ~[?:?]
	at jdk.internal.reflect.DelegatingConstructorAccessorImpl.newInstance(DelegatingConstructorAccessorImpl.java:45) ~[?:?]
	at java.lang.reflect.Constructor.newInstanceWithCaller(Constructor.java:500) ~[?:?]
	at java.lang.reflect.Constructor.newInstance(Constructor.java:481) ~[?:?]
	at org.springframework.beans.BeanUtils.instantiateClass(BeanUtils.java:172) ~[spring-beans-5.1.10.RELEASE.jar:5.1.10.RELEASE]
	at org.springframework.beans.factory.support.SimpleInstantiationStrategy.instantiate(SimpleInstantiationStrategy.java:87) ~[spring-beans-5.1.10.RELEASE.jar:5.1.10.RELEASE]
	at org.springframework.beans.factory.support.AbstractAutowireCapableBeanFactory.instantiateBean(AbstractAutowireCapableBeanFactory.java:1295) ~[spring-beans-5.1.10.RELEASE.jar:5.1.10.RELEASE]
	at org.springframework.beans.factory.support.AbstractAutowireCapableBeanFactory.createBeanInstance(AbstractAutowireCapableBeanFactory.java:1197) ~[spring-beans-5.1.10.RELEASE.jar:5.1.10.RELEASE]
	at org.springframework.beans.factory.support.AbstractAutowireCapableBeanFactory.doCreateBean(AbstractAutowireCapableBeanFactory.java:555) ~[spring-beans-5.1.10.RELEASE.jar:5.1.10.RELEASE]
	at org.springframework.beans.factory.support.AbstractAutowireCapableBeanFactory.createBean(AbstractAutowireCapableBeanFactory.java:515) ~[spring-beans-5.1.10.RELEASE.jar:5.1.10.RELEASE]
	at org.springframework.beans.factory.support.AbstractBeanFactory.lambda$doGetBean$0(AbstractBeanFactory.java:320) ~[spring-beans-5.1.10.RELEASE.jar:5.1.10.RELEASE]
	at org.springframework.beans.factory.support.DefaultSingletonBeanRegistry.getSingleton(DefaultSingletonBeanRegistry.java:222) ~[spring-beans-5.1.10.RELEASE.jar:5.1.10.RELEASE]
	at org.springframework.beans.factory.support.AbstractBeanFactory.doGetBean(AbstractBeanFactory.java:318) ~[spring-beans-5.1.10.RELEASE.jar:5.1.10.RELEASE]
	at org.springframework.beans.factory.support.AbstractBeanFactory.getBean(AbstractBeanFactory.java:199) ~[spring-beans-5.1.10.RELEASE.jar:5.1.10.RELEASE]
	at org.springframework.beans.factory.config.DependencyDescriptor.resolveCandidate(DependencyDescriptor.java:277) ~[spring-beans-5.1.10.RELEASE.jar:5.1.10.RELEASE]
	at org.springframework.beans.factory.support.DefaultListableBeanFactory.doResolveDependency(DefaultListableBeanFactory.java:1255) ~[spring-beans-5.1.10.RELEASE.jar:5.1.10.RELEASE]
	at org.springframework.beans.factory.support.DefaultListableBeanFactory.resolveDependency(DefaultListableBeanFactory.java:1175) ~[spring-beans-5.1.10.RELEASE.jar:5.1.10.RELEASE]
	at org.springframework.beans.factory.annotation.AutowiredAnnotationBeanPostProcessor$AutowiredFieldElement.inject(AutowiredAnnotationBeanPostProcessor.java:595) ~[spring-beans-5.1.10.RELEASE.jar:5.1.10.RELEASE]
	... 19 more
2019-10-31 11:23:26,069 INFO n.s.l.LoggerTestApplication [main] Starting LoggerTestApplication on SKCCSF-PC with PID 13984 (C:\Users\SKCCSF\Documents\workspace-spring-tool-suite-4-4.3.2.RELEASE\LoggerTest\target\classes started by SKCCSF in C:\Users\SKCCSF\Documents\workspace-spring-tool-suite-4-4.3.2.RELEASE\LoggerTest)
2019-10-31 11:23:26,075 DEBUG n.s.l.LoggerTestApplication [main] Running with Spring Boot v2.1.9.RELEASE, Spring v5.1.10.RELEASE
2019-10-31 11:23:26,075 INFO n.s.l.LoggerTestApplication [main] No active profile set, falling back to default profiles: default
2019-10-31 11:25:06,768 INFO n.s.l.LoggerTestApplication [main] Starting LoggerTestApplication on SKCCSF-PC with PID 16764 (C:\Users\SKCCSF\Documents\workspace-spring-tool-suite-4-4.3.2.RELEASE\LoggerTest\target\classes started by SKCCSF in C:\Users\SKCCSF\Documents\workspace-spring-tool-suite-4-4.3.2.RELEASE\LoggerTest)
2019-10-31 11:25:06,774 DEBUG n.s.l.LoggerTestApplication [main] Running with Spring Boot v2.1.9.RELEASE, Spring v5.1.10.RELEASE
2019-10-31 11:25:06,774 INFO n.s.l.LoggerTestApplication [main] No active profile set, falling back to default profiles: default
2019-10-31 11:25:32,919 INFO n.s.l.LoggerTestApplication [main] Starting LoggerTestApplication on SKCCSF-PC with PID 12656 (C:\Users\SKCCSF\Documents\workspace-spring-tool-suite-4-4.3.2.RELEASE\LoggerTest\target\classes started by SKCCSF in C:\Users\SKCCSF\Documents\workspace-spring-tool-suite-4-4.3.2.RELEASE\LoggerTest)
2019-10-31 11:25:32,924 DEBUG n.s.l.LoggerTestApplication [main] Running with Spring Boot v2.1.9.RELEASE, Spring v5.1.10.RELEASE
2019-10-31 11:25:32,924 INFO n.s.l.LoggerTestApplication [main] No active profile set, falling back to default profiles: default
2019-10-31 11:26:45,510 INFO n.s.l.LoggerTestApplication [main] Starting LoggerTestApplication on SKCCSF-PC with PID 8184 (C:\Users\SKCCSF\Documents\workspace-spring-tool-suite-4-4.3.2.RELEASE\LoggerTest\target\classes started by SKCCSF in C:\Users\SKCCSF\Documents\workspace-spring-tool-suite-4-4.3.2.RELEASE\LoggerTest)
2019-10-31 11:26:45,515 DEBUG n.s.l.LoggerTestApplication [main] Running with Spring Boot v2.1.9.RELEASE, Spring v5.1.10.RELEASE
2019-10-31 11:26:45,515 INFO n.s.l.LoggerTestApplication [main] No active profile set, falling back to default profiles: default
2019-10-31 11:26:47,561 INFO n.s.l.LoggerTestApplication [main] Started LoggerTestApplication in 2.388 seconds (JVM running for 3.564)
2019-10-31 11:26:52,211 DEBUG n.s.l.s.LoggerService [http-nio-8080-exec-1] this is logger debug
2019-10-31 11:26:52,211 ERROR n.s.l.s.LoggerService [http-nio-8080-exec-1] this is logger error
2019-10-31 11:28:36,292 INFO n.s.l.LoggerTestApplication [main] Starting LoggerTestApplication on SKCCSF-PC with PID 12448 (C:\Users\SKCCSF\Documents\workspace-spring-tool-suite-4-4.3.2.RELEASE\LoggerTest\target\classes started by SKCCSF in C:\Users\SKCCSF\Documents\workspace-spring-tool-suite-4-4.3.2.RELEASE\LoggerTest)
2019-10-31 11:28:36,297 DEBUG n.s.l.LoggerTestApplication [main] Running with Spring Boot v2.1.9.RELEASE, Spring v5.1.10.RELEASE
2019-10-31 11:28:36,298 INFO n.s.l.LoggerTestApplication [main] No active profile set, falling back to default profiles: default
2019-10-31 11:28:38,354 INFO n.s.l.LoggerTestApplication [main] Started LoggerTestApplication in 2.372 seconds (JVM running for 3.452)
2019-10-31 11:28:42,308 DEBUG n.s.l.s.LoggerService [http-nio-8080-exec-1] this is logger debug
2019-10-31 11:28:42,309 ERROR n.s.l.s.LoggerService [http-nio-8080-exec-1] this is logger error
2019-10-31 11:29:42,252 INFO n.s.l.LoggerTestApplication [main] Starting LoggerTestApplication on SKCCSF-PC with PID 19492 (C:\Users\SKCCSF\Documents\workspace-spring-tool-suite-4-4.3.2.RELEASE\LoggerTest\target\classes started by SKCCSF in C:\Users\SKCCSF\Documents\workspace-spring-tool-suite-4-4.3.2.RELEASE\LoggerTest)
2019-10-31 11:29:42,258 DEBUG n.s.l.LoggerTestApplication [main] Running with Spring Boot v2.1.9.RELEASE, Spring v5.1.10.RELEASE
2019-10-31 11:29:42,258 INFO n.s.l.LoggerTestApplication [main] No active profile set, falling back to default profiles: default
2019-10-31 11:30:43,985 INFO n.s.l.LoggerTestApplication [main] Starting LoggerTestApplication on SKCCSF-PC with PID 8896 (C:\Users\SKCCSF\Documents\workspace-spring-tool-suite-4-4.3.2.RELEASE\LoggerTest\target\classes started by SKCCSF in C:\Users\SKCCSF\Documents\workspace-spring-tool-suite-4-4.3.2.RELEASE\LoggerTest)
2019-10-31 11:30:43,991 DEBUG n.s.l.LoggerTestApplication [main] Running with Spring Boot v2.1.9.RELEASE, Spring v5.1.10.RELEASE
2019-10-31 11:30:43,992 INFO n.s.l.LoggerTestApplication [main] No active profile set, falling back to default profiles: default
2019-10-31 11:34:42,713 INFO n.s.l.LoggerTestApplication [main] Starting LoggerTestApplication on SKCCSF-PC with PID 20412 (C:\Users\SKCCSF\Documents\workspace-spring-tool-suite-4-4.3.2.RELEASE\LoggerTest\target\classes started by SKCCSF in C:\Users\SKCCSF\Documents\workspace-spring-tool-suite-4-4.3.2.RELEASE\LoggerTest)
2019-10-31 11:34:42,719 DEBUG n.s.l.LoggerTestApplication [main] Running with Spring Boot v2.1.9.RELEASE, Spring v5.1.10.RELEASE
2019-10-31 11:34:42,720 INFO n.s.l.LoggerTestApplication [main] No active profile set, falling back to default profiles: default
2019-10-31 11:34:44,751 INFO n.s.l.LoggerTestApplication [main] Started LoggerTestApplication in 2.387 seconds (JVM running for 3.5)
2019-10-31 11:34:50,040 DEBUG n.s.l.s.LoggerService [http-nio-8080-exec-1] this is logger debug
2019-10-31 11:34:50,040 ERROR n.s.l.s.LoggerService [http-nio-8080-exec-1] this is logger error
2019-10-31 11:35:40,449 INFO n.s.l.LoggerTestApplication [main] Starting LoggerTestApplication on SKCCSF-PC with PID 17088 (C:\Users\SKCCSF\Documents\workspace-spring-tool-suite-4-4.3.2.RELEASE\LoggerTest\target\classes started by SKCCSF in C:\Users\SKCCSF\Documents\workspace-spring-tool-suite-4-4.3.2.RELEASE\LoggerTest)
2019-10-31 11:35:40,455 DEBUG n.s.l.LoggerTestApplication [main] Running with Spring Boot v2.1.9.RELEASE, Spring v5.1.10.RELEASE
2019-10-31 11:35:40,456 INFO n.s.l.LoggerTestApplication [main] No active profile set, falling back to default profiles: default
2019-10-31 11:36:45,490 INFO n.s.l.LoggerTestApplication [main] Starting LoggerTestApplication on SKCCSF-PC with PID 20164 (C:\Users\SKCCSF\Documents\workspace-spring-tool-suite-4-4.3.2.RELEASE\LoggerTest\target\classes started by SKCCSF in C:\Users\SKCCSF\Documents\workspace-spring-tool-suite-4-4.3.2.RELEASE\LoggerTest)
2019-10-31 11:36:45,496 DEBUG n.s.l.LoggerTestApplication [main] Running with Spring Boot v2.1.9.RELEASE, Spring v5.1.10.RELEASE
2019-10-31 11:36:45,496 INFO n.s.l.LoggerTestApplication [main] No active profile set, falling back to default profiles: default
2019-10-31 11:36:47,521 INFO n.s.l.LoggerTestApplication [main] Started LoggerTestApplication in 2.341 seconds (JVM running for 3.457)
2019-10-31 11:36:50,571 DEBUG n.s.l.s.LoggerService [http-nio-8080-exec-1] this is logger debug
2019-10-31 11:36:50,572 ERROR n.s.l.s.LoggerService [http-nio-8080-exec-1] this is logger error
2019-10-31 11:37:46,475 INFO n.s.l.LoggerTestApplication [main] Starting LoggerTestApplication on SKCCSF-PC with PID 11072 (C:\Users\SKCCSF\Documents\workspace-spring-tool-suite-4-4.3.2.RELEASE\LoggerTest\target\classes started by SKCCSF in C:\Users\SKCCSF\Documents\workspace-spring-tool-suite-4-4.3.2.RELEASE\LoggerTest)
2019-10-31 11:37:46,481 DEBUG n.s.l.LoggerTestApplication [main] Running with Spring Boot v2.1.9.RELEASE, Spring v5.1.10.RELEASE
2019-10-31 11:37:46,482 INFO n.s.l.LoggerTestApplication [main] No active profile set, falling back to default profiles: default
2019-10-31 11:37:48,584 ERROR o.a.c.u.LifecycleBase [main] Failed to start component [Connector[HTTP/1.1-8080]]
org.apache.catalina.LifecycleException: Protocol handler start failed
	at org.apache.catalina.connector.Connector.startInternal(Connector.java:1008) ~[tomcat-embed-core-9.0.26.jar:9.0.26]
	at org.apache.catalina.util.LifecycleBase.start(LifecycleBase.java:183) [tomcat-embed-core-9.0.26.jar:9.0.26]
	at org.apache.catalina.core.StandardService.addConnector(StandardService.java:227) [tomcat-embed-core-9.0.26.jar:9.0.26]
	at org.springframework.boot.web.embedded.tomcat.TomcatWebServer.addPreviouslyRemovedConnectors(TomcatWebServer.java:263) [spring-boot-2.1.9.RELEASE.jar:2.1.9.RELEASE]
	at org.springframework.boot.web.embedded.tomcat.TomcatWebServer.start(TomcatWebServer.java:195) [spring-boot-2.1.9.RELEASE.jar:2.1.9.RELEASE]
	at org.springframework.boot.web.servlet.context.ServletWebServerApplicationContext.startWebServer(ServletWebServerApplicationContext.java:297) [spring-boot-2.1.9.RELEASE.jar:2.1.9.RELEASE]
	at org.springframework.boot.web.servlet.context.ServletWebServerApplicationContext.finishRefresh(ServletWebServerApplicationContext.java:163) [spring-boot-2.1.9.RELEASE.jar:2.1.9.RELEASE]
	at org.springframework.context.support.AbstractApplicationContext.refresh(AbstractApplicationContext.java:552) [spring-context-5.1.10.RELEASE.jar:5.1.10.RELEASE]
	at org.springframework.boot.web.servlet.context.ServletWebServerApplicationContext.refresh(ServletWebServerApplicationContext.java:141) [spring-boot-2.1.9.RELEASE.jar:2.1.9.RELEASE]
	at org.springframework.boot.SpringApplication.refresh(SpringApplication.java:744) [spring-boot-2.1.9.RELEASE.jar:2.1.9.RELEASE]
	at org.springframework.boot.SpringApplication.refreshContext(SpringApplication.java:391) [spring-boot-2.1.9.RELEASE.jar:2.1.9.RELEASE]
	at org.springframework.boot.SpringApplication.run(SpringApplication.java:312) [spring-boot-2.1.9.RELEASE.jar:2.1.9.RELEASE]
	at org.springframework.boot.SpringApplication.run(SpringApplication.java:1215) [spring-boot-2.1.9.RELEASE.jar:2.1.9.RELEASE]
	at org.springframework.boot.SpringApplication.run(SpringApplication.java:1204) [spring-boot-2.1.9.RELEASE.jar:2.1.9.RELEASE]
	at net.smartworks.log.LoggerTestApplication.main(LoggerTestApplication.java:25) [classes/:?]
Caused by: java.net.BindException: Address already in use: bind
	at sun.nio.ch.Net.bind0(Native Method) ~[?:?]
	at sun.nio.ch.Net.bind(Net.java:469) ~[?:?]
	at sun.nio.ch.Net.bind(Net.java:458) ~[?:?]
	at sun.nio.ch.ServerSocketChannelImpl.bind(ServerSocketChannelImpl.java:220) ~[?:?]
	at sun.nio.ch.ServerSocketAdaptor.bind(ServerSocketAdaptor.java:80) ~[?:?]
	at org.apache.tomcat.util.net.NioEndpoint.initServerSocket(NioEndpoint.java:230) ~[tomcat-embed-core-9.0.26.jar:9.0.26]
	at org.apache.tomcat.util.net.NioEndpoint.bind(NioEndpoint.java:213) ~[tomcat-embed-core-9.0.26.jar:9.0.26]
	at org.apache.tomcat.util.net.AbstractEndpoint.bindWithCleanup(AbstractEndpoint.java:1124) ~[tomcat-embed-core-9.0.26.jar:9.0.26]
	at org.apache.tomcat.util.net.AbstractEndpoint.start(AbstractEndpoint.java:1210) ~[tomcat-embed-core-9.0.26.jar:9.0.26]
	at org.apache.coyote.AbstractProtocol.start(AbstractProtocol.java:585) ~[tomcat-embed-core-9.0.26.jar:9.0.26]
	at org.apache.catalina.connector.Connector.startInternal(Connector.java:1005) ~[tomcat-embed-core-9.0.26.jar:9.0.26]
	... 14 more
2019-10-31 11:37:56,946 INFO n.s.l.LoggerTestApplication [main] Starting LoggerTestApplication on SKCCSF-PC with PID 8268 (C:\Users\SKCCSF\Documents\workspace-spring-tool-suite-4-4.3.2.RELEASE\LoggerTest\target\classes started by SKCCSF in C:\Users\SKCCSF\Documents\workspace-spring-tool-suite-4-4.3.2.RELEASE\LoggerTest)
2019-10-31 11:37:56,951 DEBUG n.s.l.LoggerTestApplication [main] Running with Spring Boot v2.1.9.RELEASE, Spring v5.1.10.RELEASE
2019-10-31 11:37:56,952 INFO n.s.l.LoggerTestApplication [main] No active profile set, falling back to default profiles: default
2019-10-31 11:37:58,959 INFO n.s.l.LoggerTestApplication [main] Started LoggerTestApplication in 2.332 seconds (JVM running for 3.416)
2019-10-31 11:38:05,046 DEBUG n.s.l.s.LoggerService [http-nio-8080-exec-1] this is logger debug
2019-10-31 11:38:05,046 ERROR n.s.l.s.LoggerService [http-nio-8080-exec-1] this is logger error
2019-10-31 11:38:58,920 INFO n.s.l.LoggerTestApplication [main] Starting LoggerTestApplication on SKCCSF-PC with PID 19956 (C:\Users\SKCCSF\Documents\workspace-spring-tool-suite-4-4.3.2.RELEASE\LoggerTest\target\classes started by SKCCSF in C:\Users\SKCCSF\Documents\workspace-spring-tool-suite-4-4.3.2.RELEASE\LoggerTest)
2019-10-31 11:38:58,926 DEBUG n.s.l.LoggerTestApplication [main] Running with Spring Boot v2.1.9.RELEASE, Spring v5.1.10.RELEASE
2019-10-31 11:38:58,927 INFO n.s.l.LoggerTestApplication [main] No active profile set, falling back to default profiles: default
2019-10-31 11:39:00,948 ERROR o.a.c.u.LifecycleBase [main] Failed to start component [Connector[HTTP/1.1-8080]]
org.apache.catalina.LifecycleException: Protocol handler start failed
	at org.apache.catalina.connector.Connector.startInternal(Connector.java:1008) ~[tomcat-embed-core-9.0.26.jar:9.0.26]
	at org.apache.catalina.util.LifecycleBase.start(LifecycleBase.java:183) [tomcat-embed-core-9.0.26.jar:9.0.26]
	at org.apache.catalina.core.StandardService.addConnector(StandardService.java:227) [tomcat-embed-core-9.0.26.jar:9.0.26]
	at org.springframework.boot.web.embedded.tomcat.TomcatWebServer.addPreviouslyRemovedConnectors(TomcatWebServer.java:263) [spring-boot-2.1.9.RELEASE.jar:2.1.9.RELEASE]
	at org.springframework.boot.web.embedded.tomcat.TomcatWebServer.start(TomcatWebServer.java:195) [spring-boot-2.1.9.RELEASE.jar:2.1.9.RELEASE]
	at org.springframework.boot.web.servlet.context.ServletWebServerApplicationContext.startWebServer(ServletWebServerApplicationContext.java:297) [spring-boot-2.1.9.RELEASE.jar:2.1.9.RELEASE]
	at org.springframework.boot.web.servlet.context.ServletWebServerApplicationContext.finishRefresh(ServletWebServerApplicationContext.java:163) [spring-boot-2.1.9.RELEASE.jar:2.1.9.RELEASE]
	at org.springframework.context.support.AbstractApplicationContext.refresh(AbstractApplicationContext.java:552) [spring-context-5.1.10.RELEASE.jar:5.1.10.RELEASE]
	at org.springframework.boot.web.servlet.context.ServletWebServerApplicationContext.refresh(ServletWebServerApplicationContext.java:141) [spring-boot-2.1.9.RELEASE.jar:2.1.9.RELEASE]
	at org.springframework.boot.SpringApplication.refresh(SpringApplication.java:744) [spring-boot-2.1.9.RELEASE.jar:2.1.9.RELEASE]
	at org.springframework.boot.SpringApplication.refreshContext(SpringApplication.java:391) [spring-boot-2.1.9.RELEASE.jar:2.1.9.RELEASE]
	at org.springframework.boot.SpringApplication.run(SpringApplication.java:312) [spring-boot-2.1.9.RELEASE.jar:2.1.9.RELEASE]
	at org.springframework.boot.SpringApplication.run(SpringApplication.java:1215) [spring-boot-2.1.9.RELEASE.jar:2.1.9.RELEASE]
	at org.springframework.boot.SpringApplication.run(SpringApplication.java:1204) [spring-boot-2.1.9.RELEASE.jar:2.1.9.RELEASE]
	at net.smartworks.log.LoggerTestApplication.main(LoggerTestApplication.java:25) [classes/:?]
Caused by: java.net.BindException: Address already in use: bind
	at sun.nio.ch.Net.bind0(Native Method) ~[?:?]
	at sun.nio.ch.Net.bind(Net.java:469) ~[?:?]
	at sun.nio.ch.Net.bind(Net.java:458) ~[?:?]
	at sun.nio.ch.ServerSocketChannelImpl.bind(ServerSocketChannelImpl.java:220) ~[?:?]
	at sun.nio.ch.ServerSocketAdaptor.bind(ServerSocketAdaptor.java:80) ~[?:?]
	at org.apache.tomcat.util.net.NioEndpoint.initServerSocket(NioEndpoint.java:230) ~[tomcat-embed-core-9.0.26.jar:9.0.26]
	at org.apache.tomcat.util.net.NioEndpoint.bind(NioEndpoint.java:213) ~[tomcat-embed-core-9.0.26.jar:9.0.26]
	at org.apache.tomcat.util.net.AbstractEndpoint.bindWithCleanup(AbstractEndpoint.java:1124) ~[tomcat-embed-core-9.0.26.jar:9.0.26]
	at org.apache.tomcat.util.net.AbstractEndpoint.start(AbstractEndpoint.java:1210) ~[tomcat-embed-core-9.0.26.jar:9.0.26]
	at org.apache.coyote.AbstractProtocol.start(AbstractProtocol.java:585) ~[tomcat-embed-core-9.0.26.jar:9.0.26]
	at org.apache.catalina.connector.Connector.startInternal(Connector.java:1005) ~[tomcat-embed-core-9.0.26.jar:9.0.26]
	... 14 more
2019-10-31 11:39:09,961 INFO n.s.l.LoggerTestApplication [main] Starting LoggerTestApplication on SKCCSF-PC with PID 13572 (C:\Users\SKCCSF\Documents\workspace-spring-tool-suite-4-4.3.2.RELEASE\LoggerTest\target\classes started by SKCCSF in C:\Users\SKCCSF\Documents\workspace-spring-tool-suite-4-4.3.2.RELEASE\LoggerTest)
2019-10-31 11:39:09,968 DEBUG n.s.l.LoggerTestApplication [main] Running with Spring Boot v2.1.9.RELEASE, Spring v5.1.10.RELEASE
2019-10-31 11:39:09,969 INFO n.s.l.LoggerTestApplication [main] No active profile set, falling back to default profiles: default
2019-10-31 11:39:11,942 INFO n.s.l.LoggerTestApplication [main] Started LoggerTestApplication in 2.316 seconds (JVM running for 3.37)
2019-10-31 11:39:17,825 DEBUG n.s.l.s.LoggerService [http-nio-8080-exec-1] this is logger debug
2019-10-31 11:39:17,825 ERROR n.s.l.s.LoggerService [http-nio-8080-exec-1] this is logger error
2019-10-31 11:40:25,058 INFO n.s.l.LoggerTestApplication [main] Starting LoggerTestApplication on SKCCSF-PC with PID 17256 (C:\Users\SKCCSF\Documents\workspace-spring-tool-suite-4-4.3.2.RELEASE\LoggerTest\target\classes started by SKCCSF in C:\Users\SKCCSF\Documents\workspace-spring-tool-suite-4-4.3.2.RELEASE\LoggerTest)
2019-10-31 11:40:25,063 DEBUG n.s.l.LoggerTestApplication [main] Running with Spring Boot v2.1.9.RELEASE, Spring v5.1.10.RELEASE
2019-10-31 11:40:25,064 INFO n.s.l.LoggerTestApplication [main] No active profile set, falling back to default profiles: default
2019-10-31 11:40:27,076 INFO n.s.l.LoggerTestApplication [main] Started LoggerTestApplication in 2.377 seconds (JVM running for 3.45)
2019-10-31 11:40:31,651 DEBUG n.s.l.s.LoggerService [http-nio-8080-exec-1] this is logger debug
2019-10-31 11:40:31,652 ERROR n.s.l.s.LoggerService [http-nio-8080-exec-1] this is logger error
2019-10-31 11:41:07,765 INFO n.s.l.LoggerTestApplication [main] Starting LoggerTestApplication on SKCCSF-PC with PID 5472 (C:\Users\SKCCSF\Documents\workspace-spring-tool-suite-4-4.3.2.RELEASE\LoggerTest\target\classes started by SKCCSF in C:\Users\SKCCSF\Documents\workspace-spring-tool-suite-4-4.3.2.RELEASE\LoggerTest)
2019-10-31 11:41:07,771 DEBUG n.s.l.LoggerTestApplication [main] Running with Spring Boot v2.1.9.RELEASE, Spring v5.1.10.RELEASE
2019-10-31 11:41:07,771 INFO n.s.l.LoggerTestApplication [main] No active profile set, falling back to default profiles: default
2019-10-31 11:41:09,756 INFO n.s.l.LoggerTestApplication [main] Started LoggerTestApplication in 2.307 seconds (JVM running for 3.377)
2019-10-31 11:41:24,790 DEBUG n.s.l.s.LoggerService [http-nio-8080-exec-1] this is logger debug
2019-10-31 11:41:24,790 ERROR n.s.l.s.LoggerService [http-nio-8080-exec-1] this is logger error
2019-10-31 11:43:20,078 INFO n.s.l.LoggerTestApplication [main] Starting LoggerTestApplication on SKCCSF-PC with PID 15120 (C:\Users\SKCCSF\Documents\workspace-spring-tool-suite-4-4.3.2.RELEASE\LoggerTest\target\classes started by SKCCSF in C:\Users\SKCCSF\Documents\workspace-spring-tool-suite-4-4.3.2.RELEASE\LoggerTest)
2019-10-31 11:43:20,083 DEBUG n.s.l.LoggerTestApplication [main] Running with Spring Boot v2.1.9.RELEASE, Spring v5.1.10.RELEASE
2019-10-31 11:43:20,083 INFO n.s.l.LoggerTestApplication [main] No active profile set, falling back to default profiles: default
2019-10-31 11:43:22,217 INFO n.s.l.LoggerTestApplication [main] Started LoggerTestApplication in 2.456 seconds (JVM running for 3.55)
2019-10-31 11:43:26,480 DEBUG n.s.l.s.LoggerService [http-nio-8080-exec-1] this is logger debug
2019-10-31 11:43:26,480 ERROR n.s.l.s.LoggerService [http-nio-8080-exec-1] this is logger error
2019-10-31 11:48:11,608 INFO n.s.l.LoggerTestApplication [main] Starting LoggerTestApplication on SKCCSF-PC with PID 16020 (C:\Users\SKCCSF\Documents\workspace-spring-tool-suite-4-4.3.2.RELEASE\LoggerTest\target\classes started by SKCCSF in C:\Users\SKCCSF\Documents\workspace-spring-tool-suite-4-4.3.2.RELEASE\LoggerTest)
2019-10-31 11:48:11,613 DEBUG n.s.l.LoggerTestApplication [main] Running with Spring Boot v2.1.9.RELEASE, Spring v5.1.10.RELEASE
2019-10-31 11:48:11,614 INFO n.s.l.LoggerTestApplication [main] No active profile set, falling back to default profiles: default
2019-10-31 11:50:31,321 INFO n.s.l.LoggerTestApplication [main] Starting LoggerTestApplication on SKCCSF-PC with PID 17056 (C:\Users\SKCCSF\Documents\workspace-spring-tool-suite-4-4.3.2.RELEASE\LoggerTest\target\classes started by SKCCSF in C:\Users\SKCCSF\Documents\workspace-spring-tool-suite-4-4.3.2.RELEASE\LoggerTest)
2019-10-31 11:50:31,327 DEBUG n.s.l.LoggerTestApplication [main] Running with Spring Boot v2.1.9.RELEASE, Spring v5.1.10.RELEASE
2019-10-31 11:50:31,328 INFO n.s.l.LoggerTestApplication [main] No active profile set, falling back to default profiles: default
2019-10-31 13:40:43,867 INFO n.s.l.LoggerTestApplication [main] Starting LoggerTestApplication on SKCCSF-PC with PID 19872 (C:\Users\SKCCSF\Documents\workspace-spring-tool-suite-4-4.3.2.RELEASE\LoggerTest\target\classes started by SKCCSF in C:\Users\SKCCSF\Documents\workspace-spring-tool-suite-4-4.3.2.RELEASE\LoggerTest)
2019-10-31 13:40:43,873 DEBUG n.s.l.LoggerTestApplication [main] Running with Spring Boot v2.1.9.RELEASE, Spring v5.1.10.RELEASE
2019-10-31 13:40:43,873 INFO n.s.l.LoggerTestApplication [main] No active profile set, falling back to default profiles: default
2019-10-31 13:42:07,363 INFO n.s.l.LoggerTestApplication [main] Starting LoggerTestApplication on SKCCSF-PC with PID 9652 (C:\Users\SKCCSF\Documents\workspace-spring-tool-suite-4-4.3.2.RELEASE\LoggerTest\target\classes started by SKCCSF in C:\Users\SKCCSF\Documents\workspace-spring-tool-suite-4-4.3.2.RELEASE\LoggerTest)
2019-10-31 13:42:07,369 DEBUG n.s.l.LoggerTestApplication [main] Running with Spring Boot v2.1.9.RELEASE, Spring v5.1.10.RELEASE
2019-10-31 13:42:07,370 INFO n.s.l.LoggerTestApplication [main] No active profile set, falling back to default profiles: default
2019-10-31 13:43:27,686 INFO n.s.l.LoggerTestApplication [main] Starting LoggerTestApplication on SKCCSF-PC with PID 812 (C:\Users\SKCCSF\Documents\workspace-spring-tool-suite-4-4.3.2.RELEASE\LoggerTest\target\classes started by SKCCSF in C:\Users\SKCCSF\Documents\workspace-spring-tool-suite-4-4.3.2.RELEASE\LoggerTest)
2019-10-31 13:43:27,692 DEBUG n.s.l.LoggerTestApplication [main] Running with Spring Boot v2.1.9.RELEASE, Spring v5.1.10.RELEASE
2019-10-31 13:43:27,693 INFO n.s.l.LoggerTestApplication [main] No active profile set, falling back to default profiles: default
2019-10-31 13:50:49,011 INFO n.s.l.LoggerTestApplication [main] Starting LoggerTestApplication on SKCCSF-PC with PID 18556 (C:\Users\SKCCSF\Documents\workspace-spring-tool-suite-4-4.3.2.RELEASE\LoggerTest\target\classes started by SKCCSF in C:\Users\SKCCSF\Documents\workspace-spring-tool-suite-4-4.3.2.RELEASE\LoggerTest)
2019-10-31 13:50:49,016 DEBUG n.s.l.LoggerTestApplication [main] Running with Spring Boot v2.1.9.RELEASE, Spring v5.1.10.RELEASE
2019-10-31 13:50:49,017 INFO n.s.l.LoggerTestApplication [main] No active profile set, falling back to default profiles: default
2019-10-31 13:50:51,051 INFO n.s.l.LoggerTestApplication [main] Started LoggerTestApplication in 2.367 seconds (JVM running for 3.435)
2019-10-31 13:51:05,673 DEBUG n.s.l.s.LoggerService [http-nio-8080-exec-1] this is logger debug
2019-10-31 13:51:05,673 ERROR n.s.l.s.LoggerService [http-nio-8080-exec-1] this is logger error
2019-10-31 13:51:49,351 INFO n.s.l.LoggerTestApplication [main] Starting LoggerTestApplication on SKCCSF-PC with PID 20472 (C:\Users\SKCCSF\Documents\workspace-spring-tool-suite-4-4.3.2.RELEASE\LoggerTest\target\classes started by SKCCSF in C:\Users\SKCCSF\Documents\workspace-spring-tool-suite-4-4.3.2.RELEASE\LoggerTest)
2019-10-31 13:51:49,357 DEBUG n.s.l.LoggerTestApplication [main] Running with Spring Boot v2.1.9.RELEASE, Spring v5.1.10.RELEASE
2019-10-31 13:51:49,357 INFO n.s.l.LoggerTestApplication [main] No active profile set, falling back to default profiles: default
2019-10-31 13:51:51,499 ERROR o.a.c.u.LifecycleBase [main] Failed to start component [Connector[HTTP/1.1-8080]]
org.apache.catalina.LifecycleException: Protocol handler start failed
	at org.apache.catalina.connector.Connector.startInternal(Connector.java:1008) ~[tomcat-embed-core-9.0.26.jar:9.0.26]
	at org.apache.catalina.util.LifecycleBase.start(LifecycleBase.java:183) [tomcat-embed-core-9.0.26.jar:9.0.26]
	at org.apache.catalina.core.StandardService.addConnector(StandardService.java:227) [tomcat-embed-core-9.0.26.jar:9.0.26]
	at org.springframework.boot.web.embedded.tomcat.TomcatWebServer.addPreviouslyRemovedConnectors(TomcatWebServer.java:263) [spring-boot-2.1.9.RELEASE.jar:2.1.9.RELEASE]
	at org.springframework.boot.web.embedded.tomcat.TomcatWebServer.start(TomcatWebServer.java:195) [spring-boot-2.1.9.RELEASE.jar:2.1.9.RELEASE]
	at org.springframework.boot.web.servlet.context.ServletWebServerApplicationContext.startWebServer(ServletWebServerApplicationContext.java:297) [spring-boot-2.1.9.RELEASE.jar:2.1.9.RELEASE]
	at org.springframework.boot.web.servlet.context.ServletWebServerApplicationContext.finishRefresh(ServletWebServerApplicationContext.java:163) [spring-boot-2.1.9.RELEASE.jar:2.1.9.RELEASE]
	at org.springframework.context.support.AbstractApplicationContext.refresh(AbstractApplicationContext.java:552) [spring-context-5.1.10.RELEASE.jar:5.1.10.RELEASE]
	at org.springframework.boot.web.servlet.context.ServletWebServerApplicationContext.refresh(ServletWebServerApplicationContext.java:141) [spring-boot-2.1.9.RELEASE.jar:2.1.9.RELEASE]
	at org.springframework.boot.SpringApplication.refresh(SpringApplication.java:744) [spring-boot-2.1.9.RELEASE.jar:2.1.9.RELEASE]
	at org.springframework.boot.SpringApplication.refreshContext(SpringApplication.java:391) [spring-boot-2.1.9.RELEASE.jar:2.1.9.RELEASE]
	at org.springframework.boot.SpringApplication.run(SpringApplication.java:312) [spring-boot-2.1.9.RELEASE.jar:2.1.9.RELEASE]
	at org.springframework.boot.SpringApplication.run(SpringApplication.java:1215) [spring-boot-2.1.9.RELEASE.jar:2.1.9.RELEASE]
	at org.springframework.boot.SpringApplication.run(SpringApplication.java:1204) [spring-boot-2.1.9.RELEASE.jar:2.1.9.RELEASE]
	at net.smartworks.log.LoggerTestApplication.main(LoggerTestApplication.java:25) [classes/:?]
Caused by: java.net.BindException: Address already in use: bind
	at sun.nio.ch.Net.bind0(Native Method) ~[?:?]
	at sun.nio.ch.Net.bind(Net.java:469) ~[?:?]
	at sun.nio.ch.Net.bind(Net.java:458) ~[?:?]
	at sun.nio.ch.ServerSocketChannelImpl.bind(ServerSocketChannelImpl.java:220) ~[?:?]
	at sun.nio.ch.ServerSocketAdaptor.bind(ServerSocketAdaptor.java:80) ~[?:?]
	at org.apache.tomcat.util.net.NioEndpoint.initServerSocket(NioEndpoint.java:230) ~[tomcat-embed-core-9.0.26.jar:9.0.26]
	at org.apache.tomcat.util.net.NioEndpoint.bind(NioEndpoint.java:213) ~[tomcat-embed-core-9.0.26.jar:9.0.26]
	at org.apache.tomcat.util.net.AbstractEndpoint.bindWithCleanup(AbstractEndpoint.java:1124) ~[tomcat-embed-core-9.0.26.jar:9.0.26]
	at org.apache.tomcat.util.net.AbstractEndpoint.start(AbstractEndpoint.java:1210) ~[tomcat-embed-core-9.0.26.jar:9.0.26]
	at org.apache.coyote.AbstractProtocol.start(AbstractProtocol.java:585) ~[tomcat-embed-core-9.0.26.jar:9.0.26]
	at org.apache.catalina.connector.Connector.startInternal(Connector.java:1005) ~[tomcat-embed-core-9.0.26.jar:9.0.26]
	... 14 more
2019-10-31 13:52:02,521 INFO n.s.l.LoggerTestApplication [main] Starting LoggerTestApplication on SKCCSF-PC with PID 8320 (C:\Users\SKCCSF\Documents\workspace-spring-tool-suite-4-4.3.2.RELEASE\LoggerTest\target\classes started by SKCCSF in C:\Users\SKCCSF\Documents\workspace-spring-tool-suite-4-4.3.2.RELEASE\LoggerTest)
2019-10-31 13:52:02,527 DEBUG n.s.l.LoggerTestApplication [main] Running with Spring Boot v2.1.9.RELEASE, Spring v5.1.10.RELEASE
2019-10-31 13:52:02,529 INFO n.s.l.LoggerTestApplication [main] No active profile set, falling back to default profiles: default
2019-10-31 13:52:04,613 INFO n.s.l.LoggerTestApplication [main] Started LoggerTestApplication in 2.445 seconds (JVM running for 3.52)
2019-10-31 13:52:07,111 DEBUG n.s.l.s.LoggerService [http-nio-8080-exec-1] this is logger debug
2019-10-31 13:52:07,111 ERROR n.s.l.s.LoggerService [http-nio-8080-exec-1] this is logger error
2019-10-31 13:52:52,366 INFO n.s.l.LoggerTestApplication [main] Starting LoggerTestApplication on SKCCSF-PC with PID 14828 (C:\Users\SKCCSF\Documents\workspace-spring-tool-suite-4-4.3.2.RELEASE\LoggerTest\target\classes started by SKCCSF in C:\Users\SKCCSF\Documents\workspace-spring-tool-suite-4-4.3.2.RELEASE\LoggerTest)
2019-10-31 13:52:52,372 DEBUG n.s.l.LoggerTestApplication [main] Running with Spring Boot v2.1.9.RELEASE, Spring v5.1.10.RELEASE
2019-10-31 13:52:52,373 INFO n.s.l.LoggerTestApplication [main] No active profile set, falling back to default profiles: default
2019-10-31 13:52:54,312 INFO n.s.l.LoggerTestApplication [main] Started LoggerTestApplication in 2.276 seconds (JVM running for 3.347)
2019-10-31 13:53:13,772 DEBUG n.s.l.s.LoggerService [http-nio-8080-exec-1] this is logger debug
2019-10-31 13:53:13,772 ERROR n.s.l.s.LoggerService [http-nio-8080-exec-1] this is logger error
2019-10-31 13:53:47,110 INFO n.s.l.LoggerTestApplication [main] Starting LoggerTestApplication on SKCCSF-PC with PID 11084 (C:\Users\SKCCSF\Documents\workspace-spring-tool-suite-4-4.3.2.RELEASE\LoggerTest\target\classes started by SKCCSF in C:\Users\SKCCSF\Documents\workspace-spring-tool-suite-4-4.3.2.RELEASE\LoggerTest)
2019-10-31 13:53:47,115 DEBUG n.s.l.LoggerTestApplication [main] Running with Spring Boot v2.1.9.RELEASE, Spring v5.1.10.RELEASE
2019-10-31 13:53:47,116 INFO n.s.l.LoggerTestApplication [main] No active profile set, falling back to default profiles: default
2019-10-31 13:53:49,100 INFO n.s.l.LoggerTestApplication [main] Started LoggerTestApplication in 2.32 seconds (JVM running for 3.398)
2019-10-31 13:53:56,504 DEBUG n.s.l.s.LoggerService [http-nio-8080-exec-1] this is logger debug
2019-10-31 13:53:56,504 ERROR n.s.l.s.LoggerService [http-nio-8080-exec-1] this is logger error
2019-10-31 13:54:25,837 INFO n.s.l.LoggerTestApplication [main] Starting LoggerTestApplication on SKCCSF-PC with PID 15540 (C:\Users\SKCCSF\Documents\workspace-spring-tool-suite-4-4.3.2.RELEASE\LoggerTest\target\classes started by SKCCSF in C:\Users\SKCCSF\Documents\workspace-spring-tool-suite-4-4.3.2.RELEASE\LoggerTest)
2019-10-31 13:54:25,844 DEBUG n.s.l.LoggerTestApplication [main] Running with Spring Boot v2.1.9.RELEASE, Spring v5.1.10.RELEASE
2019-10-31 13:54:25,845 INFO n.s.l.LoggerTestApplication [main] No active profile set, falling back to default profiles: default
2019-10-31 13:54:27,977 INFO n.s.l.LoggerTestApplication [main] Started LoggerTestApplication in 2.457 seconds (JVM running for 3.548)
2019-10-31 13:54:36,479 DEBUG n.s.l.s.LoggerService [http-nio-8080-exec-1] this is logger debug
2019-10-31 13:54:36,479 ERROR n.s.l.s.LoggerService [http-nio-8080-exec-1] this is logger error
2019-10-31 13:55:37,737 INFO n.s.l.LoggerTestApplication [main] Starting LoggerTestApplication on SKCCSF-PC with PID 1108 (C:\Users\SKCCSF\Documents\workspace-spring-tool-suite-4-4.3.2.RELEASE\LoggerTest\target\classes started by SKCCSF in C:\Users\SKCCSF\Documents\workspace-spring-tool-suite-4-4.3.2.RELEASE\LoggerTest)
2019-10-31 13:55:37,742 DEBUG n.s.l.LoggerTestApplication [main] Running with Spring Boot v2.1.9.RELEASE, Spring v5.1.10.RELEASE
2019-10-31 13:55:37,743 INFO n.s.l.LoggerTestApplication [main] No active profile set, falling back to default profiles: default
2019-10-31 13:55:39,850 INFO n.s.l.LoggerTestApplication [main] Started LoggerTestApplication in 2.442 seconds (JVM running for 3.552)
2019-10-31 13:55:49,483 DEBUG n.s.l.s.LoggerService [http-nio-8080-exec-1] this is logger debug
2019-10-31 13:55:49,483 ERROR n.s.l.s.LoggerService [http-nio-8080-exec-1] this is logger error
2019-10-31 14:02:58,509 INFO n.s.l.LoggerTestApplication [main] Starting LoggerTestApplication on SKCCSF-PC with PID 3480 (C:\Users\SKCCSF\Documents\workspace-spring-tool-suite-4-4.3.2.RELEASE\LoggerTest\target\classes started by SKCCSF in C:\Users\SKCCSF\Documents\workspace-spring-tool-suite-4-4.3.2.RELEASE\LoggerTest)
2019-10-31 14:02:58,514 DEBUG n.s.l.LoggerTestApplication [main] Running with Spring Boot v2.1.9.RELEASE, Spring v5.1.10.RELEASE
2019-10-31 14:02:58,515 INFO n.s.l.LoggerTestApplication [main] No active profile set, falling back to default profiles: default
2019-10-31 14:03:00,596 INFO n.s.l.LoggerTestApplication [main] Started LoggerTestApplication in 2.428 seconds (JVM running for 3.504)
2019-10-31 14:03:03,940 DEBUG n.s.l.s.LoggerService [http-nio-8080-exec-1] this is logger debug
2019-10-31 14:03:03,941 ERROR n.s.l.s.LoggerService [http-nio-8080-exec-1] this is logger error
2019-10-31 14:12:16,977 INFO n.s.l.LoggerTestApplication [main] Starting LoggerTestApplication on SKCCSF-PC with PID 2832 (C:\Users\SKCCSF\Documents\workspace-spring-tool-suite-4-4.3.2.RELEASE\LoggerTest\target\classes started by SKCCSF in C:\Users\SKCCSF\Documents\workspace-spring-tool-suite-4-4.3.2.RELEASE\LoggerTest)
2019-10-31 14:12:16,983 DEBUG n.s.l.LoggerTestApplication [main] Running with Spring Boot v2.1.9.RELEASE, Spring v5.1.10.RELEASE
2019-10-31 14:12:16,984 INFO n.s.l.LoggerTestApplication [main] No active profile set, falling back to default profiles: default
